<?xml version="1.0" encoding="UTF-8"?>
<!-- Generated by org.testng.reporters.JUnitReportReporter -->
<testsuite hostname="DESKTOP-URQU8A8" failures="0" tests="4" name="firstpkg.TestScenario3" time="0.005" errors="0" timestamp="2023-09-09T15:21:10 PDT" skipped="0">
  <testcase classname="firstpkg.TestScenario3" name="secondtestcase" time="0.001"/>
  <testcase classname="firstpkg.TestScenario3" name="firsttestcase" time="0.002"/>
  <testcase classname="firstpkg.TestScenario3" name="thridtestcase" time="0.001"/>
  <testcase classname="firstpkg.TestScenario3" name="foouthtestcase" time="0.001"/>
</testsuite> <!-- firstpkg.TestScenario3 -->
